2024-08-03 22:38:12 - OTP sent to email: admin@gmail.com 
2024-08-03 22:47:15 - OTP sent to email: admin@gmail.com 
2024-08-03 22:48:41 - OTP sent to email: admin@gmail.com 
2024-08-03 22:49:18 - OTP sent to email: admin@gmail.com 
2024-08-03 22:49:41 - Invlaid OTP!
2024-08-03 22:51:39 - Invlaid OTP!
2024-08-03 22:52:05 - Invlaid OTP!
2024-08-03 22:52:56 - Invlaid OTP!
2024-08-03 22:54:21 - Invlaid OTP!
2024-08-03 22:54:28 - Invlaid OTP!
2024-08-03 22:54:31 - User password changed successfully
2024-08-03 23:01:27 - Error in logging in: Invalid email or password
2024-08-03 23:01:44 - Error in logging in: Invalid email or password
2024-08-03 23:02:01 - Error in logging in: Invalid email or password
2024-08-03 23:02:32 - Error in logging in: Invalid email or password
2024-08-03 23:03:22 - Error in logging in: Invalid email or password
2024-08-03 23:03:33 - Error in logging in: Invalid email or password
2024-08-03 23:07:08 - Error in logging in: Invalid email or password
2024-08-03 23:07:11 - Error in logging in: Invalid email or password
2024-08-03 23:07:34 - Error in logging in: Invalid email or password
2024-08-03 23:07:39 - Error in logging in: Invalid email or password
2024-08-03 23:08:08 - Error in logging in: Invalid email or password
2024-08-03 23:08:49 - OTP sent to email: admin@gmail.com 
2024-08-03 23:09:00 - User password changed successfully
2024-08-03 23:39:44 - New user name(test) addusered successfully
2024-08-03 23:42:34 - New user name(asdad) addusered successfully
2024-08-03 23:43:36 - New user name(asdasd) addusered successfully
2024-08-03 23:44:50 - New user name(sdsdf) addusered successfully
2024-08-03 23:45:23 - New user name(sdfsf) addusered successfully
2024-08-03 23:46:09 - This email is already addusered, try new email! 
2024-08-03 23:46:12 - New user name(asdad) addusered successfully
2024-08-03 23:46:55 - New user name(asdasd) addusered successfully
2024-08-03 23:48:04 - New user name(asdasd) addusered successfully
2024-08-03 23:49:02 - New user name(asdasd) addusered successfully
2024-08-03 23:56:51 - Profile updated successfully
2024-08-03 23:56:59 - Profile updated successfully
2024-08-03 23:58:19 - Profile updated successfully
2024-08-03 23:59:10 - Profile updated successfully
2024-08-03 23:59:14 - Profile updated successfully
